<?xml version="1.0" encoding="UTF-8"?>
<!-- Generated by org.testng.reporters.JUnitReportReporter -->
<testsuite hostname="LAPTOP-EKHVOIMF" failures="0" tests="1" name="scrips.TestCase1" time="6.027" errors="0" timestamp="2023-03-23T07:56:32 IST" skipped="0">
  <testcase classname="scrips.TestCase1" name="tc1" time="6.027"/>
  <system-out/>
</testsuite> <!-- scrips.TestCase1 -->
