<?xml version="1.0" encoding="UTF-8"?>
<!-- Generated by org.testng.reporters.JUnitReportReporter -->
<testsuite hostname="LAPTOP-EKHVOIMF" failures="0" tests="1" name="scrips.TestCase3" time="7.306" errors="0" timestamp="2023-03-23T07:56:32 IST" skipped="0">
  <testcase classname="scrips.TestCase3" name="tc3" time="7.306"/>
  <system-out/>
</testsuite> <!-- scrips.TestCase3 -->
