<?xml version="1.0" encoding="UTF-8"?>
<!-- Generated by org.testng.reporters.JUnitReportReporter -->
<testsuite hostname="LAPTOP-EKHVOIMF" failures="0" tests="1" name="scrips.Test1" time="6.345" errors="0" timestamp="2023-03-20T20:10:29 IST" skipped="0">
  <testcase classname="scrips.Test1" name="test" time="6.345"/>
  <system-out/>
</testsuite> <!-- scrips.Test1 -->
